#
# There is insufficient memory for the Java Runtime Environment to continue.
# Native memory allocation (malloc) failed to allocate 2015856 bytes for Chunk::new
# Possible reasons:
#   The system is out of physical RAM or swap space
#   The process is running with CompressedOops enabled, and the Java Heap may be blocking the growth of the native heap
# Possible solutions:
#   Reduce memory load on the system
#   Increase physical memory or swap space
#   Check if swap backing store is full
#   Decrease Java heap size (-Xmx/-Xms)
#   Decrease number of Java threads
#   Decrease Java thread stack sizes (-Xss)
#   Set larger code cache with -XX:ReservedCodeCacheSize=
#   JVM is running with Unscaled Compressed Oops mode in which the Java heap is
#     placed in the first 4GB address space. The Java Heap base address is the
#     maximum limit for the native heap growth. Please use -XX:HeapBaseMinAddress
#     to set the Java Heap base and to place the Java Heap above 4GB virtual address.
# This output file may be truncated or incomplete.
#
#  Out of Memory Error (./src/hotspot/share/memory/arena.cpp:197), pid=1696, tid=9936
#
# JRE version: OpenJDK Runtime Environment (11.0.10) (build 11.0.10+0-b96-7249189)
# Java VM: OpenJDK 64-Bit Server VM (11.0.10+0-b96-7249189, mixed mode, tiered, compressed oops, g1 gc, windows-amd64)
# No core dump will be written. Minidumps are not enabled by default on client versions of Windows
#

---------------  S U M M A R Y ------------

Command Line: --add-opens=java.base/java.util=ALL-UNNAMED --add-opens=java.base/java.lang=ALL-UNNAMED --add-opens=java.base/java.lang.invoke=ALL-UNNAMED --add-opens=java.base/java.util=ALL-UNNAMED --add-opens=java.prefs/java.util.prefs=ALL-UNNAMED --add-opens=java.prefs/java.util.prefs=ALL-UNNAMED --add-opens=java.base/java.nio.charset=ALL-UNNAMED --add-opens=java.base/java.net=ALL-UNNAMED --add-opens=java.base/java.util.concurrent.atomic=ALL-UNNAMED -Xmx2048m -Dfile.encoding=UTF-8 -Duser.country=MX -Duser.language=es -Duser.variant org.gradle.launcher.daemon.bootstrap.GradleDaemon 7.0.2

Host: AMD Ryzen 5 3400G with Radeon Vega Graphics    , 8 cores, 12G,  Windows 10 , 64 bit Build 19041 (10.0.19041.1348)
Time: Wed Dec 15 01:25:37 2021 Hora verano Sudamérica Pacífico elapsed time: 4.137615 seconds (0d 0h 0m 4s)

---------------  T H R E A D  ---------------

Current thread (0x00000215fb95e000):  JavaThread "C2 CompilerThread1" daemon [_thread_in_native, id=9936, stack(0x0000001fe0200000,0x0000001fe0300000)]


Current CompileTask:
C2:   4137 2520       4       jdk.internal.loader.URLClassPath::getResource (74 bytes)

Stack: [0x0000001fe0200000,0x0000001fe0300000]
Native frames: (J=compiled Java code, j=interpreted, Vv=VM code, C=native code)
V  [jvm.dll+0x5ecfaa]
V  [jvm.dll+0x722bd5]
V  [jvm.dll+0x72412d]
V  [jvm.dll+0x7247e3]
V  [jvm.dll+0x242928]
V  [jvm.dll+0xbc4fc]
V  [jvm.dll+0xbca0c]
V  [jvm.dll+0x352d7d]
V  [jvm.dll+0x19800c]
V  [jvm.dll+0x1fb70e]
V  [jvm.dll+0x1fa7f4]
V  [jvm.dll+0x18354c]
V  [jvm.dll+0x208ee7]
V  [jvm.dll+0x207731]
V  [jvm.dll+0x6eb1cf]
V  [jvm.dll+0x6e3d45]
V  [jvm.dll+0x5ebe96]
C  [ucrtbase.dll+0x21bb2]
C  [KERNEL32.DLL+0x17034]
C  [ntdll.dll+0x52651]


---------------  P R O C E S S  ---------------

Threads class SMR info:
_java_thread_list=0x000002158186d060, length=32, elements={
0x00000215e09ff000, 0x00000215fb6a2800, 0x00000215fb6b0000, 0x00000215fb6fd800,
0x00000215fb6ff800, 0x00000215fb702000, 0x00000215fb706000, 0x00000215fb708000,
0x00000215fb70b800, 0x00000215fb874000, 0x00000215fea02800, 0x00000215fbed3800,
0x00000215fe042800, 0x00000215fcbb7000, 0x00000215fe4e7000, 0x00000215fe313000,
0x00000215fe42d800, 0x00000215fcdd5800, 0x00000215fcff1000, 0x00000215fbc4a000,
0x00000215fbc47800, 0x00000215fbc48000, 0x00000215fbc49000, 0x00000215fb95e000,
0x00000215fe469000, 0x00000215fe465800, 0x00000215fe464000, 0x00000215fe468000,
0x00000215fe463000, 0x00000215fe467800, 0x00000215fdd92800, 0x00000215fe466800
}

Java Threads: ( => current thread )
  0x00000215e09ff000 JavaThread "main" [_thread_blocked, id=16432, stack(0x0000001fdf100000,0x0000001fdf200000)]
  0x00000215fb6a2800 JavaThread "Reference Handler" daemon [_thread_blocked, id=4012, stack(0x0000001fdf800000,0x0000001fdf900000)]
  0x00000215fb6b0000 JavaThread "Finalizer" daemon [_thread_blocked, id=2624, stack(0x0000001fdf900000,0x0000001fdfa00000)]
  0x00000215fb6fd800 JavaThread "Signal Dispatcher" daemon [_thread_blocked, id=12440, stack(0x0000001fdfa00000,0x0000001fdfb00000)]
  0x00000215fb6ff800 JavaThread "Attach Listener" daemon [_thread_blocked, id=6740, stack(0x0000001fdfb00000,0x0000001fdfc00000)]
  0x00000215fb702000 JavaThread "Service Thread" daemon [_thread_blocked, id=12684, stack(0x0000001fdfc00000,0x0000001fdfd00000)]
  0x00000215fb706000 JavaThread "C2 CompilerThread0" daemon [_thread_blocked, id=1140, stack(0x0000001fdfd00000,0x0000001fdfe00000)]
  0x00000215fb708000 JavaThread "C1 CompilerThread0" daemon [_thread_blocked, id=16644, stack(0x0000001fdfe00000,0x0000001fdff00000)]
  0x00000215fb70b800 JavaThread "Sweeper thread" daemon [_thread_blocked, id=17468, stack(0x0000001fdff00000,0x0000001fe0000000)]
  0x00000215fb874000 JavaThread "Common-Cleaner" daemon [_thread_blocked, id=13344, stack(0x0000001fe0000000,0x0000001fe0100000)]
  0x00000215fea02800 JavaThread "Daemon health stats" [_thread_blocked, id=15560, stack(0x0000001fe0800000,0x0000001fe0900000)]
  0x00000215fbed3800 JavaThread "Incoming local TCP Connector on port 50830" [_thread_in_native, id=5920, stack(0x0000001fe0300000,0x0000001fe0400000)]
  0x00000215fe042800 JavaThread "Daemon periodic checks" [_thread_blocked, id=15144, stack(0x0000001fe0900000,0x0000001fe0a00000)]
  0x00000215fcbb7000 JavaThread "Daemon" [_thread_blocked, id=11764, stack(0x0000001fe0a00000,0x0000001fe0b00000)]
  0x00000215fe4e7000 JavaThread "Handler for socket connection from /127.0.0.1:50830 to /127.0.0.1:50831" [_thread_in_native, id=3856, stack(0x0000001fe0b00000,0x0000001fe0c00000)]
  0x00000215fe313000 JavaThread "Cancel handler" [_thread_blocked, id=2192, stack(0x0000001fe0c00000,0x0000001fe0d00000)]
  0x00000215fe42d800 JavaThread "Daemon worker" [_thread_in_Java, id=15276, stack(0x0000001fe0d00000,0x0000001fe0e00000)]
  0x00000215fcdd5800 JavaThread "Asynchronous log dispatcher for DefaultDaemonConnection: socket connection from /127.0.0.1:50830 to /127.0.0.1:50831" [_thread_blocked, id=18564, stack(0x0000001fe0e00000,0x0000001fe0f00000)]
  0x00000215fcff1000 JavaThread "Stdin handler" [_thread_blocked, id=10040, stack(0x0000001fe0f00000,0x0000001fe1000000)]
  0x00000215fbc4a000 JavaThread "Daemon client event forwarder" [_thread_blocked, id=9728, stack(0x0000001fe1000000,0x0000001fe1100000)]
  0x00000215fbc47800 JavaThread "Cache worker for file hash cache (C:\Users\javie\.gradle\caches\7.0.2\fileHashes)" [_thread_blocked, id=14040, stack(0x0000001fe1100000,0x0000001fe1200000)]
  0x00000215fbc48000 JavaThread "File lock request listener" [_thread_in_native, id=11332, stack(0x0000001fe1200000,0x0000001fe1300000)]
  0x00000215fbc49000 JavaThread "Cache worker for journal cache (C:\Users\javie\.gradle\caches\journal-1)" [_thread_blocked, id=10352, stack(0x0000001fe1700000,0x0000001fe1800000)]
=>0x00000215fb95e000 JavaThread "C2 CompilerThread1" daemon [_thread_in_native, id=9936, stack(0x0000001fe0200000,0x0000001fe0300000)]
  0x00000215fe469000 JavaThread "Cache worker for file hash cache (C:\Users\javie\AndroidStudioProjects\profe\ListaElementosAndroid\.gradle\7.0.2\fileHashes)" [_thread_blocked, id=2692, stack(0x0000001fe1800000,0x0000001fe1900000)]
  0x00000215fe465800 JavaThread "File watcher server" daemon [_thread_in_native, id=11968, stack(0x0000001fe1900000,0x0000001fe1a00000)]
  0x00000215fe464000 JavaThread "File watcher consumer" daemon [_thread_blocked, id=10560, stack(0x0000001fe1a00000,0x0000001fe1b00000)]
  0x00000215fe468000 JavaThread "Cache worker for checksums cache (C:\Users\javie\AndroidStudioProjects\profe\ListaElementosAndroid\.gradle\checksums)" [_thread_blocked, id=14736, stack(0x0000001fe1b00000,0x0000001fe1c00000)]
  0x00000215fe463000 JavaThread "Cache worker for cache directory md-supplier (C:\Users\javie\.gradle\caches\7.0.2\md-supplier)" [_thread_blocked, id=10208, stack(0x0000001fe1c00000,0x0000001fe1d00000)]
  0x00000215fe467800 JavaThread "Cache worker for cache directory md-rule (C:\Users\javie\.gradle\caches\7.0.2\md-rule)" [_thread_blocked, id=13616, stack(0x0000001fe1d00000,0x0000001fe1e00000)]
  0x00000215fdd92800 JavaThread "C2 CompilerThread2" daemon [_thread_blocked, id=2072, stack(0x0000001fe1e00000,0x0000001fe1f00000)]
  0x00000215fe466800 JavaThread "Cache worker for execution history cache (C:\Users\javie\.gradle\caches\7.0.2\executionHistory)" [_thread_blocked, id=7596, stack(0x0000001fe1f00000,0x0000001fe2000000)]

Other Threads:
  0x00000215fae99000 VMThread "VM Thread" [stack: 0x0000001fdf700000,0x0000001fdf800000] [id=13624]
  0x00000215fb8ab000 WatcherThread [stack: 0x0000001fe0100000,0x0000001fe0200000] [id=19236]
  0x00000215e0a17000 GCTaskThread "GC Thread#0" [stack: 0x0000001fdf200000,0x0000001fdf300000] [id=12796]
  0x00000215fcaab800 GCTaskThread "GC Thread#1" [stack: 0x0000001fe0400000,0x0000001fe0500000] [id=2956]
  0x00000215fbc85800 GCTaskThread "GC Thread#2" [stack: 0x0000001fe0500000,0x0000001fe0600000] [id=17228]
  0x00000215fc664000 GCTaskThread "GC Thread#3" [stack: 0x0000001fe0600000,0x0000001fe0700000] [id=6260]
  0x00000215fcc75000 GCTaskThread "GC Thread#4" [stack: 0x0000001fe0700000,0x0000001fe0800000] [id=1940]
  0x00000215fdd35800 GCTaskThread "GC Thread#5" [stack: 0x0000001fe1300000,0x0000001fe1400000] [id=14568]
  0x00000215fcb8f800 GCTaskThread "GC Thread#6" [stack: 0x0000001fe1400000,0x0000001fe1500000] [id=1220]
  0x00000215fc95e000 GCTaskThread "GC Thread#7" [stack: 0x0000001fe1500000,0x0000001fe1600000] [id=2940]
  0x00000215e0a49000 ConcurrentGCThread "G1 Main Marker" [stack: 0x0000001fdf300000,0x0000001fdf400000] [id=14304]
  0x00000215e0a4c000 ConcurrentGCThread "G1 Conc#0" [stack: 0x0000001fdf400000,0x0000001fdf500000] [id=15380]
  0x00000215fda56000 ConcurrentGCThread "G1 Conc#1" [stack: 0x0000001fe1600000,0x0000001fe1700000] [id=13904]
  0x00000215facea800 ConcurrentGCThread "G1 Refine#0" [stack: 0x0000001fdf500000,0x0000001fdf600000] [id=13720]
  0x00000215faceb800 ConcurrentGCThread "G1 Young RemSet Sampling" [stack: 0x0000001fdf600000,0x0000001fdf700000] [id=9028]

Threads with active compile tasks:
C2 CompilerThread0   4167 2994       4       java.util.stream.ReferencePipeline::forEachWithCancel (23 bytes)
C1 CompilerThread0   4167 2993       3       java.util.HashMap$HashMapSpliterator::<init> (32 bytes)
C2 CompilerThread1   4167 2520       4       jdk.internal.loader.URLClassPath::getResource (74 bytes)

VM state:not at safepoint (normal execution)

VM Mutex/Monitor currently owned by a thread:  ([mutex/lock_event])
[0x00000215e09f2970] CodeCache_lock - owner thread: 0x0000000000000000

Heap address: 0x0000000080000000, size: 2048 MB, Compressed Oops mode: 32-bit
Narrow klass base: 0x0000000000000000, Narrow klass shift: 3
Compressed class space size: 1073741824 Address: 0x0000000100000000

Heap:
 garbage-first heap   total 212992K, used 24724K [0x0000000080000000, 0x0000000100000000)
  region size 1024K, 10 young (10240K), 6 survivors (6144K)
 Metaspace       used 35681K, capacity 36479K, committed 36684K, reserved 1081344K
  class space    used 4605K, capacity 4911K, committed 4940K, reserved 1048576K
Heap Regions: E=young(eden), S=young(survivor), O=old, HS=humongous(starts), HC=humongous(continues), CS=collection set, F=free, A=archive, TAMS=top-at-mark-start (previous, next)
|   0|0x0000000080000000, 0x0000000080100000, 0x0000000080100000|100%| O|  |TAMS 0x0000000080100000, 0x0000000080000000| Untracked 
|   1|0x0000000080100000, 0x0000000080200000, 0x0000000080200000|100%| O|  |TAMS 0x0000000080200000, 0x0000000080100000| Untracked 
|   2|0x0000000080200000, 0x0000000080300000, 0x0000000080300000|100%| O|  |TAMS 0x0000000080300000, 0x0000000080200000| Untracked 
|   3|0x0000000080300000, 0x0000000080400000, 0x0000000080400000|100%|HS|  |TAMS 0x0000000080400000, 0x0000000080300000| Complete 
|   4|0x0000000080400000, 0x0000000080500000, 0x0000000080500000|100%|HC|  |TAMS 0x0000000080500000, 0x0000000080400000| Complete 
|   5|0x0000000080500000, 0x0000000080600000, 0x0000000080600000|100%|HC|  |TAMS 0x0000000080600000, 0x0000000080500000| Complete 
|   6|0x0000000080600000, 0x0000000080700000, 0x0000000080700000|100%| O|  |TAMS 0x0000000080700000, 0x0000000080600000| Untracked 
|   7|0x0000000080700000, 0x0000000080800000, 0x0000000080800000|100%| O|  |TAMS 0x0000000080800000, 0x0000000080700000| Untracked 
|   8|0x0000000080800000, 0x0000000080900000, 0x0000000080900000|100%| O|  |TAMS 0x0000000080900000, 0x0000000080800000| Untracked 
|   9|0x0000000080900000, 0x0000000080a00000, 0x0000000080a00000|100%| O|  |TAMS 0x0000000080a00000, 0x0000000080900000| Untracked 
|  10|0x0000000080a00000, 0x0000000080b00000, 0x0000000080b00000|100%| O|  |TAMS 0x0000000080b00000, 0x0000000080a00000| Untracked 
|  11|0x0000000080b00000, 0x0000000080c00000, 0x0000000080c00000|100%| O|  |TAMS 0x0000000080c00000, 0x0000000080b00000| Untracked 
|  12|0x0000000080c00000, 0x0000000080d00000, 0x0000000080d00000|100%| O|  |TAMS 0x0000000080d00000, 0x0000000080c00000| Untracked 
|  13|0x0000000080d00000, 0x0000000080e00000, 0x0000000080e00000|100%| O|  |TAMS 0x0000000080e00000, 0x0000000080d00000| Untracked 
|  14|0x0000000080e00000, 0x0000000080f00000, 0x0000000080f00000|100%| O|  |TAMS 0x0000000080f00000, 0x0000000080e00000| Untracked 
|  15|0x0000000080f00000, 0x0000000080fae200, 0x0000000081000000| 68%| O|  |TAMS 0x0000000080fae200, 0x0000000080f00000| Untracked 
|  16|0x0000000081000000, 0x0000000081000000, 0x0000000081100000|  0%| F|  |TAMS 0x0000000081000000, 0x0000000081000000| Untracked 
|  17|0x0000000081100000, 0x0000000081100000, 0x0000000081200000|  0%| F|  |TAMS 0x0000000081100000, 0x0000000081100000| Untracked 
|  18|0x0000000081200000, 0x0000000081200000, 0x0000000081300000|  0%| F|  |TAMS 0x0000000081200000, 0x0000000081200000| Untracked 
|  19|0x0000000081300000, 0x0000000081300000, 0x0000000081400000|  0%| F|  |TAMS 0x0000000081300000, 0x0000000081300000| Untracked 
|  20|0x0000000081400000, 0x0000000081400000, 0x0000000081500000|  0%| F|  |TAMS 0x0000000081400000, 0x0000000081400000| Untracked 
|  21|0x0000000081500000, 0x0000000081500000, 0x0000000081600000|  0%| F|  |TAMS 0x0000000081500000, 0x0000000081500000| Untracked 
|  22|0x0000000081600000, 0x0000000081600000, 0x0000000081700000|  0%| F|  |TAMS 0x0000000081600000, 0x0000000081600000| Untracked 
|  23|0x0000000081700000, 0x0000000081700000, 0x0000000081800000|  0%| F|  |TAMS 0x0000000081700000, 0x0000000081700000| Untracked 
|  24|0x0000000081800000, 0x0000000081800000, 0x0000000081900000|  0%| F|  |TAMS 0x0000000081800000, 0x0000000081800000| Untracked 
|  25|0x0000000081900000, 0x0000000081900000, 0x0000000081a00000|  0%| F|  |TAMS 0x0000000081900000, 0x0000000081900000| Untracked 
|  26|0x0000000081a00000, 0x0000000081a00000, 0x0000000081b00000|  0%| F|  |TAMS 0x0000000081a00000, 0x0000000081a00000| Untracked 
|  27|0x0000000081b00000, 0x0000000081b00000, 0x0000000081c00000|  0%| F|  |TAMS 0x0000000081b00000, 0x0000000081b00000| Untracked 
|  28|0x0000000081c00000, 0x0000000081c00000, 0x0000000081d00000|  0%| F|  |TAMS 0x0000000081c00000, 0x0000000081c00000| Untracked 
|  29|0x0000000081d00000, 0x0000000081d00000, 0x0000000081e00000|  0%| F|  |TAMS 0x0000000081d00000, 0x0000000081d00000| Untracked 
|  30|0x0000000081e00000, 0x0000000081e00000, 0x0000000081f00000|  0%| F|  |TAMS 0x0000000081e00000, 0x0000000081e00000| Untracked 
|  31|0x0000000081f00000, 0x0000000081f00000, 0x0000000082000000|  0%| F|  |TAMS 0x0000000081f00000, 0x0000000081f00000| Untracked 
|  32|0x0000000082000000, 0x0000000082000000, 0x0000000082100000|  0%| F|  |TAMS 0x0000000082000000, 0x0000000082000000| Untracked 
|  33|0x0000000082100000, 0x0000000082100000, 0x0000000082200000|  0%| F|  |TAMS 0x0000000082100000, 0x0000000082100000| Untracked 
|  34|0x0000000082200000, 0x0000000082200000, 0x0000000082300000|  0%| F|  |TAMS 0x0000000082200000, 0x0000000082200000| Untracked 
|  35|0x0000000082300000, 0x0000000082300000, 0x0000000082400000|  0%| F|  |TAMS 0x0000000082300000, 0x0000000082300000| Untracked 
|  36|0x0000000082400000, 0x0000000082400000, 0x0000000082500000|  0%| F|  |TAMS 0x0000000082400000, 0x0000000082400000| Untracked 
|  37|0x0000000082500000, 0x0000000082500000, 0x0000000082600000|  0%| F|  |TAMS 0x0000000082500000, 0x0000000082500000| Untracked 
|  38|0x0000000082600000, 0x0000000082600000, 0x0000000082700000|  0%| F|  |TAMS 0x0000000082600000, 0x0000000082600000| Untracked 
|  39|0x0000000082700000, 0x0000000082700000, 0x0000000082800000|  0%| F|  |TAMS 0x0000000082700000, 0x0000000082700000| Untracked 
|  40|0x0000000082800000, 0x0000000082800000, 0x0000000082900000|  0%| F|  |TAMS 0x0000000082800000, 0x0000000082800000| Untracked 
|  41|0x0000000082900000, 0x0000000082900000, 0x0000000082a00000|  0%| F|  |TAMS 0x0000000082900000, 0x0000000082900000| Untracked 
|  42|0x0000000082a00000, 0x0000000082a00000, 0x0000000082b00000|  0%| F|  |TAMS 0x0000000082a00000, 0x0000000082a00000| Untracked 
|  43|0x0000000082b00000, 0x0000000082b00000, 0x0000000082c00000|  0%| F|  |TAMS 0x0000000082b00000, 0x0000000082b00000| Untracked 
|  44|0x0000000082c00000, 0x0000000082c00000, 0x0000000082d00000|  0%| F|  |TAMS 0x0000000082c00000, 0x0000000082c00000| Untracked 
|  45|0x0000000082d00000, 0x0000000082d00000, 0x0000000082e00000|  0%| F|  |TAMS 0x0000000082d00000, 0x0000000082d00000| Untracked 
|  46|0x0000000082e00000, 0x0000000082e00000, 0x0000000082f00000|  0%| F|  |TAMS 0x0000000082e00000, 0x0000000082e00000| Untracked 
|  47|0x0000000082f00000, 0x0000000082f00000, 0x0000000083000000|  0%| F|  |TAMS 0x0000000082f00000, 0x0000000082f00000| Untracked 
|  48|0x0000000083000000, 0x0000000083000000, 0x0000000083100000|  0%| F|  |TAMS 0x0000000083000000, 0x0000000083000000| Untracked 
|  49|0x0000000083100000, 0x0000000083100000, 0x0000000083200000|  0%| F|  |TAMS 0x0000000083100000, 0x0000000083100000| Untracked 
|  50|0x0000000083200000, 0x0000000083200000, 0x0000000083300000|  0%| F|  |TAMS 0x0000000083200000, 0x0000000083200000| Untracked 
|  51|0x0000000083300000, 0x0000000083300000, 0x0000000083400000|  0%| F|  |TAMS 0x0000000083300000, 0x0000000083300000| Untracked 
|  52|0x0000000083400000, 0x0000000083400000, 0x0000000083500000|  0%| F|  |TAMS 0x0000000083400000, 0x0000000083400000| Untracked 
|  53|0x0000000083500000, 0x0000000083500000, 0x0000000083600000|  0%| F|  |TAMS 0x0000000083500000, 0x0000000083500000| Untracked 
|  54|0x0000000083600000, 0x0000000083600000, 0x0000000083700000|  0%| F|  |TAMS 0x0000000083600000, 0x0000000083600000| Untracked 
|  55|0x0000000083700000, 0x0000000083700000, 0x0000000083800000|  0%| F|  |TAMS 0x0000000083700000, 0x0000000083700000| Untracked 
|  56|0x0000000083800000, 0x0000000083800000, 0x0000000083900000|  0%| F|  |TAMS 0x0000000083800000, 0x0000000083800000| Untracked 
|  57|0x0000000083900000, 0x0000000083900000, 0x0000000083a00000|  0%| F|  |TAMS 0x0000000083900000, 0x0000000083900000| Untracked 
|  58|0x0000000083a00000, 0x0000000083a00000, 0x0000000083b00000|  0%| F|  |TAMS 0x0000000083a00000, 0x0000000083a00000| Untracked 
|  59|0x0000000083b00000, 0x0000000083b00000, 0x0000000083c00000|  0%| F|  |TAMS 0x0000000083b00000, 0x0000000083b00000| Untracked 
|  60|0x0000000083c00000, 0x0000000083c00000, 0x0000000083d00000|  0%| F|  |TAMS 0x0000000083c00000, 0x0000000083c00000| Untracked 
|  61|0x0000000083d00000, 0x0000000083d00000, 0x0000000083e00000|  0%| F|  |TAMS 0x0000000083d00000, 0x0000000083d00000| Untracked 
|  62|0x0000000083e00000, 0x0000000083e00000, 0x0000000083f00000|  0%| F|  |TAMS 0x0000000083e00000, 0x0000000083e00000| Untracked 
|  63|0x0000000083f00000, 0x0000000083f00000, 0x0000000084000000|  0%| F|  |TAMS 0x0000000083f00000, 0x0000000083f00000| Untracked 
|  64|0x0000000084000000, 0x0000000084000000, 0x0000000084100000|  0%| F|  |TAMS 0x0000000084000000, 0x0000000084000000| Untracked 
|  65|0x0000000084100000, 0x0000000084100000, 0x0000000084200000|  0%| F|  |TAMS 0x0000000084100000, 0x0000000084100000| Untracked 
|  66|0x0000000084200000, 0x0000000084200000, 0x0000000084300000|  0%| F|  |TAMS 0x0000000084200000, 0x0000000084200000| Untracked 
|  67|0x0000000084300000, 0x0000000084300000, 0x0000000084400000|  0%| F|  |TAMS 0x0000000084300000, 0x0000000084300000| Untracked 
|  68|0x0000000084400000, 0x0000000084400000, 0x0000000084500000|  0%| F|  |TAMS 0x0000000084400000, 0x0000000084400000| Untracked 
|  69|0x0000000084500000, 0x0000000084500000, 0x0000000084600000|  0%| F|  |TAMS 0x0000000084500000, 0x0000000084500000| Untracked 
|  70|0x0000000084600000, 0x0000000084600000, 0x0000000084700000|  0%| F|  |TAMS 0x0000000084600000, 0x0000000084600000| Untracked 
|  71|0x0000000084700000, 0x0000000084700000, 0x0000000084800000|  0%| F|  |TAMS 0x0000000084700000, 0x0000000084700000| Untracked 
|  72|0x0000000084800000, 0x0000000084800000, 0x0000000084900000|  0%| F|  |TAMS 0x0000000084800000, 0x0000000084800000| Untracked 
|  73|0x0000000084900000, 0x0000000084900000, 0x0000000084a00000|  0%| F|  |TAMS 0x0000000084900000, 0x0000000084900000| Untracked 
|  74|0x0000000084a00000, 0x0000000084a00000, 0x0000000084b00000|  0%| F|  |TAMS 0x0000000084a00000, 0x0000000084a00000| Untracked 
|  75|0x0000000084b00000, 0x0000000084b00000, 0x0000000084c00000|  0%| F|  |TAMS 0x0000000084b00000, 0x0000000084b00000| Untracked 
|  76|0x0000000084c00000, 0x0000000084c00000, 0x0000000084d00000|  0%| F|  |TAMS 0x0000000084c00000, 0x0000000084c00000| Untracked 
|  77|0x0000000084d00000, 0x0000000084d00000, 0x0000000084e00000|  0%| F|  |TAMS 0x0000000084d00000, 0x0000000084d00000| Untracked 
|  78|0x0000000084e00000, 0x0000000084e00000, 0x0000000084f00000|  0%| F|  |TAMS 0x0000000084e00000, 0x0000000084e00000| Untracked 
|  79|0x0000000084f00000, 0x0000000084f00000, 0x0000000085000000|  0%| F|  |TAMS 0x0000000084f00000, 0x0000000084f00000| Untracked 
|  80|0x0000000085000000, 0x0000000085000000, 0x0000000085100000|  0%| F|  |TAMS 0x0000000085000000, 0x0000000085000000| Untracked 
|  81|0x0000000085100000, 0x0000000085100000, 0x0000000085200000|  0%| F|  |TAMS 0x0000000085100000, 0x0000000085100000| Untracked 
|  82|0x0000000085200000, 0x0000000085200000, 0x0000000085300000|  0%| F|  |TAMS 0x0000000085200000, 0x0000000085200000| Untracked 
|  83|0x0000000085300000, 0x0000000085300000, 0x0000000085400000|  0%| F|  |TAMS 0x0000000085300000, 0x0000000085300000| Untracked 
|  84|0x0000000085400000, 0x0000000085400000, 0x0000000085500000|  0%| F|  |TAMS 0x0000000085400000, 0x0000000085400000| Untracked 
|  85|0x0000000085500000, 0x0000000085500000, 0x0000000085600000|  0%| F|  |TAMS 0x0000000085500000, 0x0000000085500000| Untracked 
|  86|0x0000000085600000, 0x0000000085600000, 0x0000000085700000|  0%| F|  |TAMS 0x0000000085600000, 0x0000000085600000| Untracked 
|  87|0x0000000085700000, 0x0000000085700000, 0x0000000085800000|  0%| F|  |TAMS 0x0000000085700000, 0x0000000085700000| Untracked 
|  88|0x0000000085800000, 0x0000000085800000, 0x0000000085900000|  0%| F|  |TAMS 0x0000000085800000, 0x0000000085800000| Untracked 
|  89|0x0000000085900000, 0x0000000085900000, 0x0000000085a00000|  0%| F|  |TAMS 0x0000000085900000, 0x0000000085900000| Untracked 
|  90|0x0000000085a00000, 0x0000000085a00000, 0x0000000085b00000|  0%| F|  |TAMS 0x0000000085a00000, 0x0000000085a00000| Untracked 
|  91|0x0000000085b00000, 0x0000000085b00000, 0x0000000085c00000|  0%| F|  |TAMS 0x0000000085b00000, 0x0000000085b00000| Untracked 
|  92|0x0000000085c00000, 0x0000000085c00000, 0x0000000085d00000|  0%| F|  |TAMS 0x0000000085c00000, 0x0000000085c00000| Untracked 
|  93|0x0000000085d00000, 0x0000000085d00000, 0x0000000085e00000|  0%| F|  |TAMS 0x0000000085d00000, 0x0000000085d00000| Untracked 
|  94|0x0000000085e00000, 0x0000000085e00000, 0x0000000085f00000|  0%| F|  |TAMS 0x0000000085e00000, 0x0000000085e00000| Untracked 
|  95|0x0000000085f00000, 0x0000000085f00000, 0x0000000086000000|  0%| F|  |TAMS 0x0000000085f00000, 0x0000000085f00000| Untracked 
|  96|0x0000000086000000, 0x0000000086000000, 0x0000000086100000|  0%| F|  |TAMS 0x0000000086000000, 0x0000000086000000| Untracked 
|  97|0x0000000086100000, 0x0000000086100000, 0x0000000086200000|  0%| F|  |TAMS 0x0000000086100000, 0x0000000086100000| Untracked 
|  98|0x0000000086200000, 0x0000000086200000, 0x0000000086300000|  0%| F|  |TAMS 0x0000000086200000, 0x0000000086200000| Untracked 
|  99|0x0000000086300000, 0x0000000086300000, 0x0000000086400000|  0%| F|  |TAMS 0x0000000086300000, 0x0000000086300000| Untracked 
| 100|0x0000000086400000, 0x0000000086400000, 0x0000000086500000|  0%| F|  |TAMS 0x0000000086400000, 0x0000000086400000| Untracked 
| 101|0x0000000086500000, 0x0000000086500000, 0x0000000086600000|  0%| F|  |TAMS 0x0000000086500000, 0x0000000086500000| Untracked 
| 102|0x0000000086600000, 0x0000000086600000, 0x0000000086700000|  0%| F|  |TAMS 0x0000000086600000, 0x0000000086600000| Untracked 
| 103|0x0000000086700000, 0x0000000086700000, 0x0000000086800000|  0%| F|  |TAMS 0x0000000086700000, 0x0000000086700000| Untracked 
| 104|0x0000000086800000, 0x0000000086800000, 0x0000000086900000|  0%| F|  |TAMS 0x0000000086800000, 0x0000000086800000| Untracked 
| 105|0x0000000086900000, 0x0000000086900000, 0x0000000086a00000|  0%| F|  |TAMS 0x0000000086900000, 0x0000000086900000| Untracked 
| 106|0x0000000086a00000, 0x0000000086a00000, 0x0000000086b00000|  0%| F|  |TAMS 0x0000000086a00000, 0x0000000086a00000| Untracked 
| 107|0x0000000086b00000, 0x0000000086b00000, 0x0000000086c00000|  0%| F|  |TAMS 0x0000000086b00000, 0x0000000086b00000| Untracked 
| 108|0x0000000086c00000, 0x0000000086c00000, 0x0000000086d00000|  0%| F|  |TAMS 0x0000000086c00000, 0x0000000086c00000| Untracked 
| 109|0x0000000086d00000, 0x0000000086d00000, 0x0000000086e00000|  0%| F|  |TAMS 0x0000000086d00000, 0x0000000086d00000| Untracked 
| 110|0x0000000086e00000, 0x0000000086e00000, 0x0000000086f00000|  0%| F|  |TAMS 0x0000000086e00000, 0x0000000086e00000| Untracked 
| 111|0x0000000086f00000, 0x0000000086f00000, 0x0000000087000000|  0%| F|  |TAMS 0x0000000086f00000, 0x0000000086f00000| Untracked 
| 112|0x0000000087000000, 0x0000000087000000, 0x0000000087100000|  0%| F|  |TAMS 0x0000000087000000, 0x0000000087000000| Untracked 
| 113|0x0000000087100000, 0x0000000087100000, 0x0000000087200000|  0%| F|  |TAMS 0x0000000087100000, 0x0000000087100000| Untracked 
| 114|0x0000000087200000, 0x0000000087200000, 0x0000000087300000|  0%| F|  |TAMS 0x0000000087200000, 0x0000000087200000| Untracked 
| 115|0x0000000087300000, 0x0000000087300000, 0x0000000087400000|  0%| F|  |TAMS 0x0000000087300000, 0x0000000087300000| Untracked 
| 116|0x0000000087400000, 0x0000000087400000, 0x0000000087500000|  0%| F|  |TAMS 0x0000000087400000, 0x0000000087400000| Untracked 
| 117|0x0000000087500000, 0x0000000087500000, 0x0000000087600000|  0%| F|  |TAMS 0x0000000087500000, 0x0000000087500000| Untracked 
| 118|0x0000000087600000, 0x0000000087600000, 0x0000000087700000|  0%| F|  |TAMS 0x0000000087600000, 0x0000000087600000| Untracked 
| 119|0x0000000087700000, 0x0000000087700000, 0x0000000087800000|  0%| F|  |TAMS 0x0000000087700000, 0x0000000087700000| Untracked 
| 120|0x0000000087800000, 0x0000000087800000, 0x0000000087900000|  0%| F|  |TAMS 0x0000000087800000, 0x0000000087800000| Untracked 
| 121|0x0000000087900000, 0x0000000087900000, 0x0000000087a00000|  0%| F|  |TAMS 0x0000000087900000, 0x0000000087900000| Untracked 
| 122|0x0000000087a00000, 0x0000000087a00000, 0x0000000087b00000|  0%| F|  |TAMS 0x0000000087a00000, 0x0000000087a00000| Untracked 
| 123|0x0000000087b00000, 0x0000000087b00000, 0x0000000087c00000|  0%| F|  |TAMS 0x0000000087b00000, 0x0000000087b00000| Untracked 
| 124|0x0000000087c00000, 0x0000000087c00000, 0x0000000087d00000|  0%| F|  |TAMS 0x0000000087c00000, 0x0000000087c00000| Untracked 
| 125|0x0000000087d00000, 0x0000000087d00000, 0x0000000087e00000|  0%| F|  |TAMS 0x0000000087d00000, 0x0000000087d00000| Untracked 
| 126|0x0000000087e00000, 0x0000000087e00000, 0x0000000087f00000|  0%| F|  |TAMS 0x0000000087e00000, 0x0000000087e00000| Untracked 
| 127|0x0000000087f00000, 0x0000000087f00000, 0x0000000088000000|  0%| F|  |TAMS 0x0000000087f00000, 0x0000000087f00000| Untracked 
| 128|0x0000000088000000, 0x0000000088000000, 0x0000000088100000|  0%| F|  |TAMS 0x0000000088000000, 0x0000000088000000| Untracked 
| 129|0x0000000088100000, 0x0000000088100000, 0x0000000088200000|  0%| F|  |TAMS 0x0000000088100000, 0x0000000088100000| Untracked 
| 130|0x0000000088200000, 0x0000000088200000, 0x0000000088300000|  0%| F|  |TAMS 0x0000000088200000, 0x0000000088200000| Untracked 
| 131|0x0000000088300000, 0x0000000088376ed0, 0x0000000088400000| 46%| S|CS|TAMS 0x0000000088300000, 0x0000000088300000| Complete 
| 132|0x0000000088400000, 0x0000000088500000, 0x0000000088500000|100%| S|CS|TAMS 0x0000000088400000, 0x0000000088400000| Complete 
| 133|0x0000000088500000, 0x0000000088600000, 0x0000000088600000|100%| S|CS|TAMS 0x0000000088500000, 0x0000000088500000| Complete 
| 134|0x0000000088600000, 0x0000000088700000, 0x0000000088700000|100%| S|CS|TAMS 0x0000000088600000, 0x0000000088600000| Complete 
| 135|0x0000000088700000, 0x0000000088800000, 0x0000000088800000|100%| S|CS|TAMS 0x0000000088700000, 0x0000000088700000| Complete 
| 136|0x0000000088800000, 0x0000000088900000, 0x0000000088900000|100%| S|CS|TAMS 0x0000000088800000, 0x0000000088800000| Complete 
| 137|0x0000000088900000, 0x0000000088900000, 0x0000000088a00000|  0%| F|  |TAMS 0x0000000088900000, 0x0000000088900000| Untracked 
| 138|0x0000000088a00000, 0x0000000088a00000, 0x0000000088b00000|  0%| F|  |TAMS 0x0000000088a00000, 0x0000000088a00000| Untracked 
| 139|0x0000000088b00000, 0x0000000088b00000, 0x0000000088c00000|  0%| F|  |TAMS 0x0000000088b00000, 0x0000000088b00000| Untracked 
| 140|0x0000000088c00000, 0x0000000088c00000, 0x0000000088d00000|  0%| F|  |TAMS 0x0000000088c00000, 0x0000000088c00000| Untracked 
| 141|0x0000000088d00000, 0x0000000088d00000, 0x0000000088e00000|  0%| F|  |TAMS 0x0000000088d00000, 0x0000000088d00000| Untracked 
| 142|0x0000000088e00000, 0x0000000088e00000, 0x0000000088f00000|  0%| F|  |TAMS 0x0000000088e00000, 0x0000000088e00000| Untracked 
| 143|0x0000000088f00000, 0x0000000088f00000, 0x0000000089000000|  0%| F|  |TAMS 0x0000000088f00000, 0x0000000088f00000| Untracked 
| 144|0x0000000089000000, 0x0000000089000000, 0x0000000089100000|  0%| F|  |TAMS 0x0000000089000000, 0x0000000089000000| Untracked 
| 145|0x0000000089100000, 0x0000000089100000, 0x0000000089200000|  0%| F|  |TAMS 0x0000000089100000, 0x0000000089100000| Untracked 
| 146|0x0000000089200000, 0x0000000089200000, 0x0000000089300000|  0%| F|  |TAMS 0x0000000089200000, 0x0000000089200000| Untracked 
| 147|0x0000000089300000, 0x0000000089300000, 0x0000000089400000|  0%| F|  |TAMS 0x0000000089300000, 0x0000000089300000| Untracked 
| 148|0x0000000089400000, 0x0000000089400000, 0x0000000089500000|  0%| F|  |TAMS 0x0000000089400000, 0x0000000089400000| Untracked 
| 149|0x0000000089500000, 0x0000000089500000, 0x0000000089600000|  0%| F|  |TAMS 0x0000000089500000, 0x0000000089500000| Untracked 
| 150|0x0000000089600000, 0x0000000089600000, 0x0000000089700000|  0%| F|  |TAMS 0x0000000089600000, 0x0000000089600000| Untracked 
| 151|0x0000000089700000, 0x0000000089700000, 0x0000000089800000|  0%| F|  |TAMS 0x0000000089700000, 0x0000000089700000| Untracked 
| 152|0x0000000089800000, 0x0000000089800000, 0x0000000089900000|  0%| F|  |TAMS 0x0000000089800000, 0x0000000089800000| Untracked 
| 153|0x0000000089900000, 0x0000000089900000, 0x0000000089a00000|  0%| F|  |TAMS 0x0000000089900000, 0x0000000089900000| Untracked 
| 154|0x0000000089a00000, 0x0000000089a00000, 0x0000000089b00000|  0%| F|  |TAMS 0x0000000089a00000, 0x0000000089a00000| Untracked 
| 155|0x0000000089b00000, 0x0000000089b00000, 0x0000000089c00000|  0%| F|  |TAMS 0x0000000089b00000, 0x0000000089b00000| Untracked 
| 156|0x0000000089c00000, 0x0000000089c00000, 0x0000000089d00000|  0%| F|  |TAMS 0x0000000089c00000, 0x0000000089c00000| Untracked 
| 157|0x0000000089d00000, 0x0000000089d00000, 0x0000000089e00000|  0%| F|  |TAMS 0x0000000089d00000, 0x0000000089d00000| Untracked 
| 158|0x0000000089e00000, 0x0000000089e00000, 0x0000000089f00000|  0%| F|  |TAMS 0x0000000089e00000, 0x0000000089e00000| Untracked 
| 159|0x0000000089f00000, 0x0000000089f00000, 0x000000008a000000|  0%| F|  |TAMS 0x0000000089f00000, 0x0000000089f00000| Untracked 
| 160|0x000000008a000000, 0x000000008a000000, 0x000000008a100000|  0%| F|  |TAMS 0x000000008a000000, 0x000000008a000000| Untracked 
| 161|0x000000008a100000, 0x000000008a100000, 0x000000008a200000|  0%| F|  |TAMS 0x000000008a100000, 0x000000008a100000| Untracked 
| 162|0x000000008a200000, 0x000000008a200000, 0x000000008a300000|  0%| F|  |TAMS 0x000000008a200000, 0x000000008a200000| Untracked 
| 163|0x000000008a300000, 0x000000008a300000, 0x000000008a400000|  0%| F|  |TAMS 0x000000008a300000, 0x000000008a300000| Untracked 
| 164|0x000000008a400000, 0x000000008a400000, 0x000000008a500000|  0%| F|  |TAMS 0x000000008a400000, 0x000000008a400000| Untracked 
| 165|0x000000008a500000, 0x000000008a500000, 0x000000008a600000|  0%| F|  |TAMS 0x000000008a500000, 0x000000008a500000| Untracked 
| 166|0x000000008a600000, 0x000000008a600000, 0x000000008a700000|  0%| F|  |TAMS 0x000000008a600000, 0x000000008a600000| Untracked 
| 167|0x000000008a700000, 0x000000008a700000, 0x000000008a800000|  0%| F|  |TAMS 0x000000008a700000, 0x000000008a700000| Untracked 
| 168|0x000000008a800000, 0x000000008a800000, 0x000000008a900000|  0%| F|  |TAMS 0x000000008a800000, 0x000000008a800000| Untracked 
| 169|0x000000008a900000, 0x000000008a900000, 0x000000008aa00000|  0%| F|  |TAMS 0x000000008a900000, 0x000000008a900000| Untracked 
| 170|0x000000008aa00000, 0x000000008aa00000, 0x000000008ab00000|  0%| F|  |TAMS 0x000000008aa00000, 0x000000008aa00000| Untracked 
| 171|0x000000008ab00000, 0x000000008ab00000, 0x000000008ac00000|  0%| F|  |TAMS 0x000000008ab00000, 0x000000008ab00000| Untracked 
| 172|0x000000008ac00000, 0x000000008ac00000, 0x000000008ad00000|  0%| F|  |TAMS 0x000000008ac00000, 0x000000008ac00000| Untracked 
| 173|0x000000008ad00000, 0x000000008ad00000, 0x000000008ae00000|  0%| F|  |TAMS 0x000000008ad00000, 0x000000008ad00000| Untracked 
| 174|0x000000008ae00000, 0x000000008ae00000, 0x000000008af00000|  0%| F|  |TAMS 0x000000008ae00000, 0x000000008ae00000| Untracked 
| 175|0x000000008af00000, 0x000000008af00000, 0x000000008b000000|  0%| F|  |TAMS 0x000000008af00000, 0x000000008af00000| Untracked 
| 176|0x000000008b000000, 0x000000008b000000, 0x000000008b100000|  0%| F|  |TAMS 0x000000008b000000, 0x000000008b000000| Untracked 
| 177|0x000000008b100000, 0x000000008b100000, 0x000000008b200000|  0%| F|  |TAMS 0x000000008b100000, 0x000000008b100000| Untracked 
| 178|0x000000008b200000, 0x000000008b200000, 0x000000008b300000|  0%| F|  |TAMS 0x000000008b200000, 0x000000008b200000| Untracked 
| 179|0x000000008b300000, 0x000000008b300000, 0x000000008b400000|  0%| F|  |TAMS 0x000000008b300000, 0x000000008b300000| Untracked 
| 180|0x000000008b400000, 0x000000008b400000, 0x000000008b500000|  0%| F|  |TAMS 0x000000008b400000, 0x000000008b400000| Untracked 
| 181|0x000000008b500000, 0x000000008b500000, 0x000000008b600000|  0%| F|  |TAMS 0x000000008b500000, 0x000000008b500000| Untracked 
| 182|0x000000008b600000, 0x000000008b600000, 0x000000008b700000|  0%| F|  |TAMS 0x000000008b600000, 0x000000008b600000| Untracked 
| 183|0x000000008b700000, 0x000000008b700000, 0x000000008b800000|  0%| F|  |TAMS 0x000000008b700000, 0x000000008b700000| Untracked 
| 184|0x000000008b800000, 0x000000008b800000, 0x000000008b900000|  0%| F|  |TAMS 0x000000008b800000, 0x000000008b800000| Untracked 
| 185|0x000000008b900000, 0x000000008b900000, 0x000000008ba00000|  0%| F|  |TAMS 0x000000008b900000, 0x000000008b900000| Untracked 
| 186|0x000000008ba00000, 0x000000008ba00000, 0x000000008bb00000|  0%| F|  |TAMS 0x000000008ba00000, 0x000000008ba00000| Untracked 
| 187|0x000000008bb00000, 0x000000008bb00000, 0x000000008bc00000|  0%| F|  |TAMS 0x000000008bb00000, 0x000000008bb00000| Untracked 
| 188|0x000000008bc00000, 0x000000008bc00000, 0x000000008bd00000|  0%| F|  |TAMS 0x000000008bc00000, 0x000000008bc00000| Untracked 
| 189|0x000000008bd00000, 0x000000008bd00000, 0x000000008be00000|  0%| F|  |TAMS 0x000000008bd00000, 0x000000008bd00000| Untracked 
| 190|0x000000008be00000, 0x000000008be00000, 0x000000008bf00000|  0%| F|  |TAMS 0x000000008be00000, 0x000000008be00000| Untracked 
| 191|0x000000008bf00000, 0x000000008bf00000, 0x000000008c000000|  0%| F|  |TAMS 0x000000008bf00000, 0x000000008bf00000| Untracked 
| 192|0x000000008c000000, 0x000000008c000000, 0x000000008c100000|  0%| F|  |TAMS 0x000000008c000000, 0x000000008c000000| Untracked 
| 193|0x000000008c100000, 0x000000008c100000, 0x000000008c200000|  0%| F|  |TAMS 0x000000008c100000, 0x000000008c100000| Untracked 
| 194|0x000000008c200000, 0x000000008c200000, 0x000000008c300000|  0%| F|  |TAMS 0x000000008c200000, 0x000000008c200000| Untracked 
| 195|0x000000008c300000, 0x000000008c300000, 0x000000008c400000|  0%| F|  |TAMS 0x000000008c300000, 0x000000008c300000| Untracked 
| 196|0x000000008c400000, 0x000000008c400000, 0x000000008c500000|  0%| F|  |TAMS 0x000000008c400000, 0x000000008c400000| Untracked 
| 197|0x000000008c500000, 0x000000008c500000, 0x000000008c600000|  0%| F|  |TAMS 0x000000008c500000, 0x000000008c500000| Untracked 
| 198|0x000000008c600000, 0x000000008c600000, 0x000000008c700000|  0%| F|  |TAMS 0x000000008c600000, 0x000000008c600000| Untracked 
| 199|0x000000008c700000, 0x000000008c700000, 0x000000008c800000|  0%| F|  |TAMS 0x000000008c700000, 0x000000008c700000| Untracked 
| 200|0x000000008c800000, 0x000000008c800000, 0x000000008c900000|  0%| F|  |TAMS 0x000000008c800000, 0x000000008c800000| Untracked 
| 201|0x000000008c900000, 0x000000008c900000, 0x000000008ca00000|  0%| F|  |TAMS 0x000000008c900000, 0x000000008c900000| Untracked 
| 202|0x000000008ca00000, 0x000000008ca00000, 0x000000008cb00000|  0%| F|  |TAMS 0x000000008ca00000, 0x000000008ca00000| Untracked 
| 203|0x000000008cb00000, 0x000000008cb00000, 0x000000008cc00000|  0%| F|  |TAMS 0x000000008cb00000, 0x000000008cb00000| Untracked 
| 204|0x000000008cc00000, 0x000000008cd00000, 0x000000008cd00000|100%| E|  |TAMS 0x000000008cc00000, 0x000000008cc00000| Complete 
| 205|0x000000008cd00000, 0x000000008ce00000, 0x000000008ce00000|100%| E|CS|TAMS 0x000000008cd00000, 0x000000008cd00000| Complete 
| 206|0x000000008ce00000, 0x000000008cf00000, 0x000000008cf00000|100%| E|CS|TAMS 0x000000008ce00000, 0x000000008ce00000| Complete 
| 207|0x000000008cf00000, 0x000000008d000000, 0x000000008d000000|100%| E|CS|TAMS 0x000000008cf00000, 0x000000008cf00000| Complete 

Card table byte_map: [0x00000215f3c20000,0x00000215f4020000] _byte_map_base: 0x00000215f3820000

Marking Bits (Prev, Next): (CMBitMap*) 0x00000215e0a402e8, (CMBitMap*) 0x00000215e0a40320
 Prev Bits: [0x00000215f4420000, 0x00000215f6420000)
 Next Bits: [0x00000215f6420000, 0x00000215f8420000)

Polling page: 0x00000215e01e0000

Metaspace:

Usage:
  Non-class:     30.96 MB capacity,    30.43 MB ( 98%) used,   459.49 KB (  1%) free+waste,    76.50 KB ( <1%) overhead. 
      Class:      4.80 MB capacity,     4.50 MB ( 94%) used,   264.51 KB (  5%) free+waste,    37.44 KB ( <1%) overhead. 
       Both:     35.75 MB capacity,    34.93 MB ( 98%) used,   724.00 KB (  2%) free+waste,   113.94 KB ( <1%) overhead. 

Virtual space:
  Non-class space:       32.00 MB reserved,      31.00 MB ( 97%) committed 
      Class space:        1.00 GB reserved,       4.82 MB ( <1%) committed 
             Both:        1.03 GB reserved,      35.82 MB (  3%) committed 

Chunk freelists:
   Non-Class:  46.00 KB
       Class:  16.00 KB
        Both:  62.00 KB

MaxMetaspaceSize: 17179869184.00 GB
CompressedClassSpaceSize: 1.00 GB

CodeHeap 'non-profiled nmethods': size=120000Kb used=1612Kb max_used=1612Kb free=118387Kb
 bounds [0x00000215ebfc0000, 0x00000215ec230000, 0x00000215f34f0000]
CodeHeap 'profiled nmethods': size=120000Kb used=6159Kb max_used=6159Kb free=113840Kb
 bounds [0x00000215e4a90000, 0x00000215e50a0000, 0x00000215ebfc0000]
CodeHeap 'non-nmethods': size=5760Kb used=1511Kb max_used=1543Kb free=4248Kb
 bounds [0x00000215e44f0000, 0x00000215e4760000, 0x00000215e4a90000]
 total_blobs=3631 nmethods=3011 adapters=531
 compilation: enabled
              stopped_count=0, restarted_count=0
 full_count=0

Compilation events (20 events):
Event: 4.126 Thread 0x00000215fb708000 2887       3       jdk.nio.zipfs.ZipFileSystem$ParentLookup::as (8 bytes)
Event: 4.126 Thread 0x00000215fb708000 nmethod 2887 0x00000215e5062f90 code [0x00000215e5063140, 0x00000215e5063288]
Event: 4.126 Thread 0x00000215fb708000 2879       3       jdk.internal.misc.Unsafe::getIntUnaligned (83 bytes)
Event: 4.126 Thread 0x00000215fb708000 nmethod 2879 0x00000215e5063390 code [0x00000215e5063580, 0x00000215e5063a08]
Event: 4.129 Thread 0x00000215fb708000 2891   !   3       java.nio.ByteBuffer::wrap (20 bytes)
Event: 4.129 Thread 0x00000215fb708000 nmethod 2891 0x00000215e5063b90 code [0x00000215e5063d60, 0x00000215e5064058]
Event: 4.129 Thread 0x00000215fb708000 2892       3       java.nio.HeapByteBuffer::<init> (21 bytes)
Event: 4.130 Thread 0x00000215fb706000 nmethod 2876 0x00000215ec142b10 code [0x00000215ec142d00, 0x00000215ec1434a8]
Event: 4.130 Thread 0x00000215fb708000 nmethod 2892 0x00000215e5064210 code [0x00000215e50643c0, 0x00000215e5064528]
Event: 4.130 Thread 0x00000215fb706000 2875       4       java.util.LinkedHashMap::afterNodeInsertion (40 bytes)
Event: 4.130 Thread 0x00000215fb708000 2893       3       jdk.internal.jimage.ImageStringsReader::get (9 bytes)
Event: 4.130 Thread 0x00000215fb708000 nmethod 2893 0x00000215e5064610 code [0x00000215e50647c0, 0x00000215e5064968]
Event: 4.130 Thread 0x00000215fb706000 nmethod 2875 0x00000215ec143990 code [0x00000215ec143b20, 0x00000215ec143bd8]
Event: 4.130 Thread 0x00000215fb706000 2889       4       jdk.nio.zipfs.ZipFileSystem$ParentLookup::name (43 bytes)
Event: 4.134 Thread 0x00000215fb706000 nmethod 2889 0x00000215ec143c90 code [0x00000215ec143e20, 0x00000215ec144118]
Event: 4.134 Thread 0x00000215fb706000 2888       4       jdk.nio.zipfs.ZipFileSystem::getParentOff (40 bytes)
Event: 4.134 Thread 0x00000215fb708000 2894       3       java.io.DataInputStream::readFully (9 bytes)
Event: 4.135 Thread 0x00000215fb708000 nmethod 2894 0x00000215e5064a10 code [0x00000215e5064bc0, 0x00000215e5064d08]
Event: 4.136 Thread 0x00000215fb708000 2895       3       java.util.concurrent.ConcurrentHashMap$KeyIterator::next (34 bytes)
Event: 4.136 Thread 0x00000215fb708000 nmethod 2895 0x00000215e5064e10 code [0x00000215e5064fe0, 0x00000215e5065278]

GC Heap History (8 events):
Event: 0.731 GC heap before
{Heap before GC invocations=0 (full 0):
 garbage-first heap   total 212992K, used 29696K [0x0000000080000000, 0x0000000100000000)
  region size 1024K, 24 young (24576K), 0 survivors (0K)
 Metaspace       used 10207K, capacity 10427K, committed 10624K, reserved 1058816K
  class space    used 1066K, capacity 1141K, committed 1152K, reserved 1048576K
}
Event: 0.734 GC heap after
{Heap after GC invocations=1 (full 0):
 garbage-first heap   total 212992K, used 9110K [0x0000000080000000, 0x0000000100000000)
  region size 1024K, 3 young (3072K), 3 survivors (3072K)
 Metaspace       used 10207K, capacity 10427K, committed 10624K, reserved 1058816K
  class space    used 1066K, capacity 1141K, committed 1152K, reserved 1048576K
}
Event: 2.490 GC heap before
{Heap before GC invocations=1 (full 0):
 garbage-first heap   total 212992K, used 104342K [0x0000000080000000, 0x0000000100000000)
  region size 1024K, 97 young (99328K), 3 survivors (3072K)
 Metaspace       used 20568K, capacity 21092K, committed 21248K, reserved 1067008K
  class space    used 2506K, capacity 2690K, committed 2816K, reserved 1048576K
}
Event: 2.498 GC heap after
{Heap after GC invocations=2 (full 0):
 garbage-first heap   total 212992K, used 16576K [0x0000000080000000, 0x0000000100000000)
  region size 1024K, 11 young (11264K), 11 survivors (11264K)
 Metaspace       used 20568K, capacity 21092K, committed 21248K, reserved 1067008K
  class space    used 2506K, capacity 2690K, committed 2816K, reserved 1048576K
}
Event: 3.032 GC heap before
{Heap before GC invocations=3 (full 0):
 garbage-first heap   total 212992K, used 57536K [0x0000000080000000, 0x0000000100000000)
  region size 1024K, 52 young (53248K), 11 survivors (11264K)
 Metaspace       used 24754K, capacity 25344K, committed 25472K, reserved 1071104K
  class space    used 3196K, capacity 3388K, committed 3456K, reserved 1048576K
}
Event: 3.038 GC heap after
{Heap after GC invocations=4 (full 0):
 garbage-first heap   total 212992K, used 18104K [0x0000000080000000, 0x0000000100000000)
  region size 1024K, 2 young (2048K), 2 survivors (2048K)
 Metaspace       used 24754K, capacity 25344K, committed 25472K, reserved 1071104K
  class space    used 3196K, capacity 3388K, committed 3456K, reserved 1048576K
}
Event: 4.085 GC heap before
{Heap before GC invocations=4 (full 0):
 garbage-first heap   total 212992K, used 87736K [0x0000000080000000, 0x0000000100000000)
  region size 1024K, 71 young (72704K), 2 survivors (2048K)
 Metaspace       used 35044K, capacity 35826K, committed 35840K, reserved 1081344K
  class space    used 4538K, capacity 4864K, committed 4864K, reserved 1048576K
}
Event: 4.092 GC heap after
{Heap after GC invocations=5 (full 0):
 garbage-first heap   total 212992K, used 21652K [0x0000000080000000, 0x0000000100000000)
  region size 1024K, 6 young (6144K), 6 survivors (6144K)
 Metaspace       used 35044K, capacity 35826K, committed 35840K, reserved 1081344K
  class space    used 4538K, capacity 4864K, committed 4864K, reserved 1048576K
}

Deoptimization events (20 events):
Event: 3.945 Thread 0x00000215fe42d800 DEOPT PACKING pc=0x00000215ec0d0a8c sp=0x0000001fe0df5bc0
Event: 3.945 Thread 0x00000215fe42d800 DEOPT UNPACKING pc=0x00000215e45178af sp=0x0000001fe0df5a50 mode 2
Event: 4.025 Thread 0x00000215fe42d800 DEOPT PACKING pc=0x00000215e4e82279 sp=0x0000001fe0df6980
Event: 4.025 Thread 0x00000215fe42d800 DEOPT UNPACKING pc=0x00000215e45176ce sp=0x0000001fe0df5ec8 mode 0
Event: 4.029 Thread 0x00000215fe42d800 Uncommon trap: trap_request=0xffffff5c fr.pc=0x00000215ec063524 relative=0x0000000000000e64
Event: 4.029 Thread 0x00000215fe42d800 Uncommon trap: reason=speculate_null_assert action=make_not_entrant pc=0x00000215ec063524 method=jdk.internal.loader.URLClassPath$JarLoader.getResource(Ljava/lang/String;ZLjava/util/Set;)Ljdk/internal/loader/Resource; @ 17 c2
Event: 4.029 Thread 0x00000215fe42d800 DEOPT PACKING pc=0x00000215ec063524 sp=0x0000001fe0df5a30
Event: 4.029 Thread 0x00000215fe42d800 DEOPT UNPACKING pc=0x00000215e45178af sp=0x0000001fe0df59d8 mode 2
Event: 4.083 Thread 0x00000215fe42d800 Uncommon trap: trap_request=0xffffff4d fr.pc=0x00000215ec054914 relative=0x0000000000001554
Event: 4.083 Thread 0x00000215fe42d800 Uncommon trap: reason=unstable_if action=reinterpret pc=0x00000215ec054914 method=sun.nio.fs.WindowsPathParser.isSlash(C)Z @ 9 c2
Event: 4.083 Thread 0x00000215fe42d800 DEOPT PACKING pc=0x00000215ec054914 sp=0x0000001fe0df9a60
Event: 4.083 Thread 0x00000215fe42d800 DEOPT UNPACKING pc=0x00000215e45178af sp=0x0000001fe0df99f0 mode 2
Event: 4.083 Thread 0x00000215fe42d800 Uncommon trap: trap_request=0xffffff4d fr.pc=0x00000215ebfd8f5c relative=0x000000000000003c
Event: 4.083 Thread 0x00000215fe42d800 Uncommon trap: reason=unstable_if action=reinterpret pc=0x00000215ebfd8f5c method=sun.nio.fs.WindowsPathParser.isSlash(C)Z @ 9 c2
Event: 4.083 Thread 0x00000215fe42d800 DEOPT PACKING pc=0x00000215ebfd8f5c sp=0x0000001fe0df9a60
Event: 4.083 Thread 0x00000215fe42d800 DEOPT UNPACKING pc=0x00000215e45178af sp=0x0000001fe0df99e8 mode 2
Event: 4.097 Thread 0x00000215fe42d800 Uncommon trap: trap_request=0xffffffc6 fr.pc=0x00000215ec117dac relative=0x00000000000057ac
Event: 4.097 Thread 0x00000215fe42d800 Uncommon trap: reason=bimorphic_or_optimized_type_check action=maybe_recompile pc=0x00000215ec117dac method=java.net.URL.<init>(Ljava/net/URL;Ljava/lang/String;Ljava/net/URLStreamHandler;)V @ 504 c2
Event: 4.097 Thread 0x00000215fe42d800 DEOPT PACKING pc=0x00000215ec117dac sp=0x0000001fe0df7d00
Event: 4.097 Thread 0x00000215fe42d800 DEOPT UNPACKING pc=0x00000215e45178af sp=0x0000001fe0df7ca0 mode 2

Classes redefined (0 events):
No events

Internal exceptions (20 events):
Event: 3.352 Thread 0x00000215fe42d800 Exception <a 'java/lang/NoSuchMethodError'{0x000000008bc4cf10}: 'java.lang.Object java.lang.invoke.DirectMethodHandle$Holder.invokeSpecial(java.lang.Object, java.lang.Object, java.lang.Object, java.lang.Object, java.lang.Object, java.lang.Object, java.lang.Object, java.lang.Object, java.lang.Object, java.lang.Object, java.lang.Object, java.lang.Object, java.lang.Object, java.lang.Object)'> (0x000000008bc4cf10) thrown at [./src/hotspot/share/interpreter/linkResolver.cpp, line 773]
Event: 3.354 Thread 0x00000215fe42d800 Exception <a 'java/lang/NoSuchMethodError'{0x000000008bc61518}: 'java.lang.Object java.lang.invoke.Invokers$Holder.linkToTargetMethod(java.lang.Object, java.lang.Object, java.lang.Object, java.lang.Object, java.lang.Object, java.lang.Object, java.lang.Object, java.lang.Object, java.lang.Object, java.lang.Object, java.lang.Object, java.lang.Object)'> (0x000000008bc61518) thrown at [./src/hotspot/share/interpreter/linkResolver.cpp, line 773]
Event: 3.364 Thread 0x00000215fe42d800 Exception <a 'java/lang/NoSuchMethodError'{0x000000008bcf5d48}: 'java.lang.Object java.lang.invoke.DirectMethodHandle$Holder.invokeStaticInit(java.lang.Object, java.lang.Object, java.lang.Object, java.lang.Object)'> (0x000000008bcf5d48) thrown at [./src/hotspot/share/interpreter/linkResolver.cpp, line 773]
Event: 3.468 Thread 0x00000215fe42d800 Implicit null exception at 0x00000215ec0dc675 to 0x00000215ec0dc83c
Event: 3.827 Thread 0x00000215fe42d800 Exception <a 'java/lang/NoSuchMethodError'{0x0000000089576928}: 'void java.lang.invoke.DirectMethodHandle$Holder.invokeStaticInit(java.lang.Object, java.lang.Object, java.lang.Object)'> (0x0000000089576928) thrown at [./src/hotspot/share/interpreter/linkResolver.cpp, line 773]
Event: 3.828 Thread 0x00000215fe42d800 Exception <a 'java/lang/NoSuchMethodError'{0x000000008957d700}: 'void java.lang.invoke.DirectMethodHandle$Holder.invokeStaticInit(java.lang.Object, java.lang.Object, java.lang.Object, java.lang.Object)'> (0x000000008957d700) thrown at [./src/hotspot/share/interpreter/linkResolver.cpp, line 773]
Event: 3.831 Thread 0x00000215fe42d800 Exception <a 'java/lang/NoSuchMethodError'{0x000000008959ff90}: 'void java.lang.invoke.DirectMethodHandle$Holder.invokeStaticInit(java.lang.Object, java.lang.Object, java.lang.Object, java.lang.Object, java.lang.Object)'> (0x000000008959ff90) thrown at [./src/hotspot/share/interpreter/linkResolver.cpp, line 773]
Event: 3.832 Thread 0x00000215fe42d800 Exception <a 'java/lang/NoSuchMethodError'{0x00000000895a76a0}: 'int java.lang.invoke.DirectMethodHandle$Holder.invokeStaticInit(java.lang.Object, java.lang.Object, java.lang.Object)'> (0x00000000895a76a0) thrown at [./src/hotspot/share/interpreter/linkResolver.cpp, line 773]
Event: 3.868 Thread 0x00000215fe42d800 Exception <a 'java/lang/NoSuchMethodError'{0x0000000089406578}: 'int java.lang.invoke.DirectMethodHandle$Holder.invokeStaticInit(java.lang.Object, java.lang.Object, java.lang.Object, java.lang.Object)'> (0x0000000089406578) thrown at [./src/hotspot/share/interpreter/linkResolver.cpp, line 773]
Event: 3.869 Thread 0x00000215fe42d800 Exception <a 'java/lang/IncompatibleClassChangeError'{0x000000008940fad8}: Found class java.lang.Object, but interface was expected> (0x000000008940fad8) thrown at [./src/hotspot/share/interpreter/linkResolver.cpp, line 839]
Event: 4.024 Thread 0x00000215fe42d800 Exception <a 'java/lang/NoSuchMethodError'{0x0000000088d52b00}: 'java.lang.Object java.lang.invoke.DirectMethodHandle$Holder.invokeStatic(java.lang.Object, java.lang.Object, java.lang.Object, java.lang.Object, java.lang.Object, java.lang.Object, java.lang.Object, java.lang.Object, java.lang.Object, java.lang.Object, java.lang.Object, int)'> (0x0000000088d52b00) thrown at [./src/hotspot/share/interpreter/linkResolver.cpp, line 773]
Event: 4.025 Thread 0x00000215fe42d800 Exception <a 'java/lang/NoSuchMethodError'{0x0000000088d71580}: 'java.lang.Object java.lang.invoke.DirectMethodHandle$Holder.invokeStatic(java.lang.Object, java.lang.Object, java.lang.Object, java.lang.Object, java.lang.Object, java.lang.Object, java.lang.Object, java.lang.Object, java.lang.Object, java.lang.Object, java.lang.Object, int, int)'> (0x0000000088d71580) thrown at [./src/hotspot/share/interpreter/linkResolver.cpp, line 773]
Event: 4.027 Thread 0x00000215fe42d800 Exception <a 'java/lang/NoSuchMethodError'{0x0000000088d91310}: 'java.lang.Object java.lang.invoke.DirectMethodHandle$Holder.invokeStatic(java.lang.Object, java.lang.Object, java.lang.Object, java.lang.Object, java.lang.Object, java.lang.Object, java.lang.Object, java.lang.Object, java.lang.Object, java.lang.Object, java.lang.Object, int, int, java.lang.Object)'> (0x0000000088d91310) thrown at [./src/hotspot/share/interpreter/linkResolver.cpp, line 773]
Event: 4.028 Thread 0x00000215fe42d800 Exception <a 'java/lang/NoSuchMethodError'{0x0000000088db2408}: 'java.lang.Object java.lang.invoke.DirectMethodHandle$Holder.invokeStatic(java.lang.Object, java.lang.Object, java.lang.Object, java.lang.Object, java.lang.Object, java.lang.Object, java.lang.Object, java.lang.Object, java.lang.Object, java.lang.Object, java.lang.Object, int, int, java.lang.Object, java.lang.Object)'> (0x0000000088db2408) thrown at [./src/hotspot/share/interpreter/linkResolver.cpp, line 773]
Event: 4.031 Thread 0x00000215fe42d800 Exception <a 'java/lang/ClassNotFoundException'{0x0000000088de2390}: groovy/lang/ExpandoMetaClassBeanInfo> (0x0000000088de2390) thrown at [./src/hotspot/share/classfile/systemDictionary.cpp, line 231]
Event: 4.031 Thread 0x00000215fe42d800 Exception <a 'java/lang/ClassNotFoundException'{0x0000000088c02b30}: groovy/lang/MetaClassImplBeanInfo> (0x0000000088c02b30) thrown at [./src/hotspot/share/classfile/systemDictionary.cpp, line 231]
Event: 4.032 Thread 0x00000215fe42d800 Exception <a 'java/lang/ClassNotFoundException'{0x0000000088c0bc38}: java/lang/ObjectBeanInfo> (0x0000000088c0bc38) thrown at [./src/hotspot/share/classfile/systemDictionary.cpp, line 231]
Event: 4.032 Thread 0x00000215fe42d800 Exception <a 'java/lang/ClassNotFoundException'{0x0000000088c17178}: java/lang/ObjectCustomizer> (0x0000000088c17178) thrown at [./src/hotspot/share/classfile/systemDictionary.cpp, line 231]
Event: 4.038 Thread 0x00000215fe42d800 Exception <a 'java/lang/ClassNotFoundException'{0x0000000088c3e198}: groovy/lang/MetaClassImplCustomizer> (0x0000000088c3e198) thrown at [./src/hotspot/share/classfile/systemDictionary.cpp, line 231]
Event: 4.040 Thread 0x00000215fe42d800 Exception <a 'java/lang/ClassNotFoundException'{0x0000000088c7ddd8}: groovy/lang/ExpandoMetaClassCustomizer> (0x0000000088c7ddd8) thrown at [./src/hotspot/share/classfile/systemDictionary.cpp, line 231]

Events (20 events):
Event: 4.128 loading class java/nio/file/SimpleFileVisitor
Event: 4.128 loading class java/nio/file/SimpleFileVisitor done
Event: 4.128 loading class java/nio/file/FileTreeWalker
Event: 4.129 loading class java/nio/file/FileTreeWalker done
Event: 4.129 loading class java/nio/file/attribute/BasicWithKeyFileAttributeView
Event: 4.129 loading class java/nio/file/attribute/BasicWithKeyFileAttributeView done
Event: 4.131 loading class java/time/DateTimeException
Event: 4.131 loading class java/time/DateTimeException done
Event: 4.131 loading class java/util/regex/PatternSyntaxException
Event: 4.131 loading class java/util/regex/PatternSyntaxException done
Event: 4.131 loading class java/time/temporal/ChronoField
Event: 4.132 loading class java/time/temporal/ChronoField done
Event: 4.133 loading class java/time/ZoneRegion
Event: 4.133 loading class java/time/ZoneRegion done
Event: 4.133 loading class java/time/zone/ZoneRulesProvider
Event: 4.133 loading class java/time/zone/ZoneRulesProvider done
Event: 4.133 loading class java/time/zone/ZoneRulesProvider$1
Event: 4.133 loading class java/time/zone/ZoneRulesProvider$1 done
Event: 4.133 loading class java/time/zone/TzdbZoneRulesProvider
Event: 4.133 loading class java/time/zone/TzdbZoneRulesProvider done


Dynamic libraries:
0x00007ff777120000 - 0x00007ff77712a000 	C:\Program Files\Android\Android Studio1\jre\bin\java.exe
0x00007ffb3d430000 - 0x00007ffb3d625000 	C:\WINDOWS\SYSTEM32\ntdll.dll
0x00007ffb3b6b0000 - 0x00007ffb3b76e000 	C:\WINDOWS\System32\KERNEL32.DLL
0x00007ffb3b070000 - 0x00007ffb3b338000 	C:\WINDOWS\System32\KERNELBASE.dll
0x00007ffb3ae90000 - 0x00007ffb3af90000 	C:\WINDOWS\System32\ucrtbase.dll
0x00007ffb20f80000 - 0x00007ffb20f97000 	C:\Program Files\Android\Android Studio1\jre\bin\VCRUNTIME140.dll
0x00007ffb20fa0000 - 0x00007ffb20fb9000 	C:\Program Files\Android\Android Studio1\jre\bin\jli.dll
0x00007ffb315b0000 - 0x00007ffb3184a000 	C:\WINDOWS\WinSxS\amd64_microsoft.windows.common-controls_6595b64144ccf1df_6.0.19041.1110_none_60b5254171f9507e\COMCTL32.dll
0x00007ffb3c5a0000 - 0x00007ffb3c741000 	C:\WINDOWS\System32\USER32.dll
0x00007ffb3be20000 - 0x00007ffb3bebe000 	C:\WINDOWS\System32\msvcrt.dll
0x00007ffb3b040000 - 0x00007ffb3b062000 	C:\WINDOWS\System32\win32u.dll
0x00007ffb3b620000 - 0x00007ffb3b64b000 	C:\WINDOWS\System32\GDI32.dll
0x00007ffb3b340000 - 0x00007ffb3b44b000 	C:\WINDOWS\System32\gdi32full.dll
0x00007ffb3ada0000 - 0x00007ffb3ae3d000 	C:\WINDOWS\System32\msvcp_win.dll
0x00007ffb3bff0000 - 0x00007ffb3c020000 	C:\WINDOWS\System32\IMM32.DLL
0x00007ffb20350000 - 0x00007ffb203ed000 	C:\Program Files\Android\Android Studio1\jre\bin\msvcp140.dll
0x00007ffabd2c0000 - 0x00007ffabdd8f000 	C:\Program Files\Android\Android Studio1\jre\bin\server\jvm.dll
0x00007ffb3c0d0000 - 0x00007ffb3c17c000 	C:\WINDOWS\System32\ADVAPI32.dll
0x00007ffb3c020000 - 0x00007ffb3c0bb000 	C:\WINDOWS\System32\sechost.dll
0x00007ffb3b480000 - 0x00007ffb3b5aa000 	C:\WINDOWS\System32\RPCRT4.dll
0x00007ffb3b610000 - 0x00007ffb3b618000 	C:\WINDOWS\System32\PSAPI.DLL
0x00007ffb34a70000 - 0x00007ffb34a7a000 	C:\WINDOWS\SYSTEM32\VERSION.dll
0x00007ffb325f0000 - 0x00007ffb32617000 	C:\WINDOWS\SYSTEM32\WINMM.dll
0x00007ffb27d50000 - 0x00007ffb27d59000 	C:\WINDOWS\SYSTEM32\WSOCK32.dll
0x00007ffb3d380000 - 0x00007ffb3d3eb000 	C:\WINDOWS\System32\WS2_32.dll
0x00007ffb38a70000 - 0x00007ffb38a82000 	C:\WINDOWS\SYSTEM32\kernel.appcore.dll
0x00007ffb22430000 - 0x00007ffb22441000 	C:\Program Files\Android\Android Studio1\jre\bin\verify.dll
0x00007ffb2c6a0000 - 0x00007ffb2c884000 	C:\WINDOWS\SYSTEM32\DBGHELP.DLL
0x00007ffb2aac0000 - 0x00007ffb2aaec000 	C:\WINDOWS\SYSTEM32\dbgcore.DLL
0x00007ffb3acb0000 - 0x00007ffb3ad33000 	C:\WINDOWS\System32\bcryptPrimitives.dll
0x00007ffb1f330000 - 0x00007ffb1f359000 	C:\Program Files\Android\Android Studio1\jre\bin\java.dll
0x00007ffb35080000 - 0x00007ffb3508b000 	C:\Program Files\Android\Android Studio1\jre\bin\jimage.dll
0x00007ffb22410000 - 0x00007ffb22428000 	C:\Program Files\Android\Android Studio1\jre\bin\zip.dll
0x00007ffb3cc40000 - 0x00007ffb3d37f000 	C:\WINDOWS\System32\SHELL32.dll
0x00007ffb38c70000 - 0x00007ffb39400000 	C:\WINDOWS\SYSTEM32\windows.storage.dll
0x00007ffb3c240000 - 0x00007ffb3c595000 	C:\WINDOWS\System32\combase.dll
0x00007ffb3a5a0000 - 0x00007ffb3a5ce000 	C:\WINDOWS\SYSTEM32\Wldp.dll
0x00007ffb3ca60000 - 0x00007ffb3cb0d000 	C:\WINDOWS\System32\SHCORE.dll
0x00007ffb3c1e0000 - 0x00007ffb3c235000 	C:\WINDOWS\System32\shlwapi.dll
0x00007ffb3aa90000 - 0x00007ffb3aaaf000 	C:\WINDOWS\SYSTEM32\profapi.dll
0x00007ffb1ef70000 - 0x00007ffb1ef8a000 	C:\Program Files\Android\Android Studio1\jre\bin\net.dll
0x00007ffb320c0000 - 0x00007ffb321cc000 	C:\WINDOWS\SYSTEM32\WINHTTP.dll
0x00007ffb3a300000 - 0x00007ffb3a36a000 	C:\WINDOWS\system32\mswsock.dll
0x00007ffb1ef50000 - 0x00007ffb1ef64000 	C:\Program Files\Android\Android Studio1\jre\bin\nio.dll
0x00007ffb12d70000 - 0x00007ffb12d97000 	C:\Users\javie\.gradle\native\8bec1ad78214c89d9ad589b4d07fe93259594b29d510b10fafb7a158f7737e5d\windows-amd64\native-platform.dll
0x00007ffaefd00000 - 0x00007ffaefe3d000 	C:\Users\javie\.gradle\native\53dbd7edfb1c66fb8903c78663c9afc45aea4f116125fa6feffd364cf09443e8\windows-amd64\native-platform-file-events.dll
0x00007ffb30d90000 - 0x00007ffb30d9a000 	C:\Program Files\Android\Android Studio1\jre\bin\management.dll
0x00007ffb25f70000 - 0x00007ffb25f7c000 	C:\Program Files\Android\Android Studio1\jre\bin\management_ext.dll
0x00007ffb3a4f0000 - 0x00007ffb3a508000 	C:\WINDOWS\SYSTEM32\CRYPTSP.dll
0x00007ffb39c10000 - 0x00007ffb39c44000 	C:\WINDOWS\system32\rsaenh.dll
0x00007ffb3b450000 - 0x00007ffb3b477000 	C:\WINDOWS\System32\bcrypt.dll
0x00007ffb3aa10000 - 0x00007ffb3aa3e000 	C:\WINDOWS\SYSTEM32\USERENV.dll
0x00007ffb3a510000 - 0x00007ffb3a51c000 	C:\WINDOWS\SYSTEM32\CRYPTBASE.dll
0x00007ffb39fa0000 - 0x00007ffb39fdb000 	C:\WINDOWS\SYSTEM32\IPHLPAPI.DLL
0x00007ffb3bfe0000 - 0x00007ffb3bfe8000 	C:\WINDOWS\System32\NSI.dll
0x00007ffb33c50000 - 0x00007ffb33c67000 	C:\WINDOWS\SYSTEM32\dhcpcsvc6.DLL
0x00007ffb33bd0000 - 0x00007ffb33bed000 	C:\WINDOWS\SYSTEM32\dhcpcsvc.DLL
0x00007ffb39fe0000 - 0x00007ffb3a0ab000 	C:\WINDOWS\SYSTEM32\DNSAPI.dll

dbghelp: loaded successfully - version: 4.0.5 - missing functions: none
symbol engine: initialized successfully - sym options: 0x614 - pdb path: .;C:\Program Files\Android\Android Studio1\jre\bin;C:\WINDOWS\SYSTEM32;C:\WINDOWS\WinSxS\amd64_microsoft.windows.common-controls_6595b64144ccf1df_6.0.19041.1110_none_60b5254171f9507e;C:\Program Files\Android\Android Studio1\jre\bin\server;C:\Users\javie\.gradle\native\8bec1ad78214c89d9ad589b4d07fe93259594b29d510b10fafb7a158f7737e5d\windows-amd64;C:\Users\javie\.gradle\native\53dbd7edfb1c66fb8903c78663c9afc45aea4f116125fa6feffd364cf09443e8\windows-amd64

VM Arguments:
jvm_args: --add-opens=java.base/java.util=ALL-UNNAMED --add-opens=java.base/java.lang=ALL-UNNAMED --add-opens=java.base/java.lang.invoke=ALL-UNNAMED --add-opens=java.base/java.util=ALL-UNNAMED --add-opens=java.prefs/java.util.prefs=ALL-UNNAMED --add-opens=java.prefs/java.util.prefs=ALL-UNNAMED --add-opens=java.base/java.nio.charset=ALL-UNNAMED --add-opens=java.base/java.net=ALL-UNNAMED --add-opens=java.base/java.util.concurrent.atomic=ALL-UNNAMED -Xmx2048m -Dfile.encoding=UTF-8 -Duser.country=MX -Duser.language=es -Duser.variant 
java_command: org.gradle.launcher.daemon.bootstrap.GradleDaemon 7.0.2
java_class_path (initial): C:\Users\javie\.gradle\wrapper\dists\gradle-7.0.2-bin\857tjihv64xamwrf0h14cai3r\gradle-7.0.2\lib\gradle-launcher-7.0.2.jar
Launcher Type: SUN_STANDARD

[Global flags]
     intx CICompilerCount                          = 4                                         {product} {ergonomic}
     uint ConcGCThreads                            = 2                                         {product} {ergonomic}
     uint G1ConcRefinementThreads                  = 8                                         {product} {ergonomic}
   size_t G1HeapRegionSize                         = 1048576                                   {product} {ergonomic}
    uintx GCDrainStackTargetSize                   = 64                                        {product} {ergonomic}
   size_t InitialHeapSize                          = 218103808                                 {product} {ergonomic}
   size_t MarkStackSize                            = 4194304                                   {product} {ergonomic}
   size_t MaxHeapSize                              = 2147483648                                {product} {command line}
   size_t MaxNewSize                               = 1287651328                                {product} {ergonomic}
   size_t MinHeapDeltaBytes                        = 1048576                                   {product} {ergonomic}
    uintx NonNMethodCodeHeapSize                   = 5836300                                {pd product} {ergonomic}
    uintx NonProfiledCodeHeapSize                  = 122910970                              {pd product} {ergonomic}
    uintx ProfiledCodeHeapSize                     = 122910970                              {pd product} {ergonomic}
    uintx ReservedCodeCacheSize                    = 251658240                              {pd product} {ergonomic}
     bool SegmentedCodeCache                       = true                                      {product} {ergonomic}
     bool UseCompressedClassPointers               = true                                 {lp64_product} {ergonomic}
     bool UseCompressedOops                        = true                                 {lp64_product} {ergonomic}
     bool UseG1GC                                  = true                                      {product} {ergonomic}
     bool UseLargePagesIndividualAllocation        = false                                  {pd product} {ergonomic}

Logging:
Log output configuration:
 #0: stdout all=warning uptime,level,tags
 #1: stderr all=off uptime,level,tags

Environment Variables:
PATH=C:\Program Files\Common Files\Oracle\Java\javapath;C:\Program Files (x86)\Common Files\Oracle\Java\javapath;C:\WINDOWS\system32;C:\WINDOWS;C:\WINDOWS\System32\Wbem;C:\WINDOWS\System32\WindowsPowerShell\v1.0\;C:\WINDOWS\System32\OpenSSH\;C:\Program Files\nodejs\;C:\Program Files\Git\cmd;C:\Users\javie\AppData\Local\Programs\Python\Python39\Scripts\;C:\Users\javie\AppData\Local\Programs\Python\Python39\;C:\Users\javie\AppData\Local\Microsoft\WindowsApps;C:\Users\javie\AppData\Local\Programs\Microsoft VS Code\bin;C:\Users\javie\AppData\Roaming\npm;C:\Users\javie\Documents\flutter\bin;C:\Users\javie\AppData\Local\gitkraken\bin
USERNAME=javie
OS=Windows_NT
PROCESSOR_IDENTIFIER=AMD64 Family 23 Model 24 Stepping 1, AuthenticAMD



---------------  S Y S T E M  ---------------

OS: Windows 10 , 64 bit Build 19041 (10.0.19041.1348)
OS uptime: 5 days 3:44 hours

CPU:total 8 (initial active 8) (8 cores per cpu, 2 threads per core) family 23 model 24 stepping 1 microcode 0x0, cmov, cx8, fxsr, mmx, sse, sse2, sse3, ssse3, sse4.1, sse4.2, popcnt, avx, avx2, aes, clmul, mmxext, 3dnowpref, lzcnt, sse4a, ht, tsc, tscinvbit, tscinv, bmi1, bmi2, adx, s

Memory: 4k page, system-wide physical 13250M (1542M free)
TotalPageFile size 17250M (AvailPageFile size 43M)
current process WorkingSet (physical memory assigned to process): 271M, peak: 273M
current process commit charge ("private bytes"): 395M, peak: 397M

vm_info: OpenJDK 64-Bit Server VM (11.0.10+0-b96-7249189) for windows-amd64 JRE (11.0.10+0-b96-7249189), built on Mar 31 2021 21:44:00 by "builder" with MS VC++ 14.0 (VS2015)

END.
